<?xml version="1.0" encoding="UTF-8"?>
<testsuite name="org.apache.commons.beanutils.converters.DoubleConverterTestCase" time="0.197" tests="19" errors="0" skipped="0" failures="0">
  <properties>
    <property name="java.runtime.name" value="Java(TM) SE Runtime Environment"/>
    <property name="sun.boot.library.path" value="C:\Program Files\Java\jdk1.8.0_25\jre\bin"/>
    <property name="java.vm.version" value="25.25-b02"/>
    <property name="java.vm.vendor" value="Oracle Corporation"/>
    <property name="java.vendor.url" value="http://java.oracle.com/"/>
    <property name="path.separator" value=";"/>
    <property name="guice.disable.misplaced.annotation.check" value="true"/>
    <property name="java.vm.name" value="Java HotSpot(TM) 64-Bit Server VM"/>
    <property name="file.encoding.pkg" value="sun.io"/>
    <property name="user.script" value=""/>
    <property name="user.country" value="CA"/>
    <property name="sun.java.launcher" value="SUN_STANDARD"/>
    <property name="sun.os.patch.level" value=""/>
    <property name="java.vm.specification.name" value="Java Virtual Machine Specification"/>
    <property name="user.dir" value="C:\myproject\commons-beanutils-1.9.2-src"/>
    <property name="java.runtime.version" value="1.8.0_25-b18"/>
    <property name="java.awt.graphicsenv" value="sun.awt.Win32GraphicsEnvironment"/>
    <property name="java.endorsed.dirs" value="C:\Program Files\Java\jdk1.8.0_25\jre\lib\endorsed"/>
    <property name="os.arch" value="amd64"/>
    <property name="java.io.tmpdir" value="C:\Users\JOEY~1.SUR\AppData\Local\Temp\"/>
    <property name="line.separator" value="&#10;"/>
    <property name="java.vm.specification.vendor" value="Oracle Corporation"/>
    <property name="user.variant" value=""/>
    <property name="os.name" value="Windows 8.1"/>
    <property name="classworlds.conf" value="C:\MyPrograms\Apache\apache-maven-3.2.5\bin\m2.conf"/>
    <property name="sun.jnu.encoding" value="Cp1252"/>
    <property name="java.library.path" value="C:\Program Files\Java\jdk1.8.0_25\bin;C:\WINDOWS\Sun\Java\bin;C:\WINDOWS\system32;C:\WINDOWS;C:\ProgramData\Oracle\Java\javapath;C:\Program Files\Common Files\Microsoft Shared\Microsoft Online Services;C:\Program Files (x86)\Common Files\Microsoft Shared\Microsoft Online Services;C:\WINDOWS\system32;C:\WINDOWS;C:\WINDOWS\System32\Wbem;C:\WINDOWS\System32\WindowsPowerShell\v1.0\;C:\Program Files (x86)\QuickTime\QTSystem\;C:\Program Files (x86)\Common Files\Acronis\SnapAPI;C:\Program Files\apache-maven-3.2.5\;C:\Program Files\KDiff3\;C:\ProgramData\Oracle\Java\javapath;C:\Program Files\Common Files\Microsoft Shared\Microsoft Online Services;C:\Program Files (x86)\Common Files\Microsoft Shared\Microsoft Online Services;C:\WINDOWS\system32;C:\WINDOWS;C:\WINDOWS\System32\Wbem;C:\WINDOWS\System32\WindowsPowerShell\v1.0\;C:\Program Files (x86)\QuickTime\QTSystem\;C:\Program Files (x86)\Common Files\Acronis\SnapAPI;C:\MyPrograms\Apache\apache-maven-3.2.5\bin;C:\Program Files (x86)\notepad++\;C:\GitFlow\bin\;C:\Users\Joey.SurfacePro-JY\AppData\Local\nexus-2.11.1-01\bin\;C:\MyProgams\cygwin64\bin\;C:\Program Files (x86)\Git\bin;C:\MyPrograms\Jenkins\;."/>
    <property name="java.specification.name" value="Java Platform API Specification"/>
    <property name="java.class.version" value="52.0"/>
    <property name="sun.management.compiler" value="HotSpot 64-Bit Tiered Compilers"/>
    <property name="os.version" value="6.3"/>
    <property name="user.home" value="C:\Users\Joey.SurfacePro-JY"/>
    <property name="user.timezone" value="America/New_York"/>
    <property name="java.awt.printerjob" value="sun.awt.windows.WPrinterJob"/>
    <property name="java.specification.version" value="1.8"/>
    <property name="file.encoding" value="Cp1252"/>
    <property name="user.name" value="Joey"/>
    <property name="java.class.path" value="C:\MyPrograms\Apache\apache-maven-3.2.5\boot\plexus-classworlds-2.5.2.jar"/>
    <property name="java.vm.specification.version" value="1.8"/>
    <property name="sun.arch.data.model" value="64"/>
    <property name="java.home" value="C:\Program Files\Java\jdk1.8.0_25\jre"/>
    <property name="sun.java.command" value="org.codehaus.plexus.classworlds.launcher.Launcher package"/>
    <property name="java.specification.vendor" value="Oracle Corporation"/>
    <property name="user.language" value="en"/>
    <property name="awt.toolkit" value="sun.awt.windows.WToolkit"/>
    <property name="java.vm.info" value="mixed mode"/>
    <property name="java.version" value="1.8.0_25"/>
    <property name="java.ext.dirs" value="C:\Program Files\Java\jdk1.8.0_25\jre\lib\ext;C:\WINDOWS\Sun\Java\lib\ext"/>
    <property name="sun.boot.class.path" value="C:\Program Files\Java\jdk1.8.0_25\jre\lib\resources.jar;C:\Program Files\Java\jdk1.8.0_25\jre\lib\rt.jar;C:\Program Files\Java\jdk1.8.0_25\jre\lib\sunrsasign.jar;C:\Program Files\Java\jdk1.8.0_25\jre\lib\jsse.jar;C:\Program Files\Java\jdk1.8.0_25\jre\lib\jce.jar;C:\Program Files\Java\jdk1.8.0_25\jre\lib\charsets.jar;C:\Program Files\Java\jdk1.8.0_25\jre\lib\jfr.jar;C:\Program Files\Java\jdk1.8.0_25\jre\classes"/>
    <property name="sun.stderr.encoding" value="cp850"/>
    <property name="java.vendor" value="Oracle Corporation"/>
    <property name="maven.home" value="C:\MyPrograms\Apache\apache-maven-3.2.5"/>
    <property name="file.separator" value="\"/>
    <property name="java.vendor.url.bug" value="http://bugreport.sun.com/bugreport/"/>
    <property name="sun.cpu.endian" value="little"/>
    <property name="sun.io.unicode.encoding" value="UnicodeLittle"/>
    <property name="sun.stdout.encoding" value="cp850"/>
    <property name="sun.desktop" value="windows"/>
    <property name="sun.cpu.isalist" value="amd64"/>
  </properties>
  <testcase name="testSimpleConversion" classname="org.apache.commons.beanutils.converters.DoubleConverterTestCase" time="0.065"/>
  <testcase name="testStringArrayToInteger" classname="org.apache.commons.beanutils.converters.DoubleConverterTestCase" time="0.001"/>
  <testcase name="testConvertNumber" classname="org.apache.commons.beanutils.converters.DoubleConverterTestCase" time="0.003"/>
  <testcase name="testNumberToStringPattern" classname="org.apache.commons.beanutils.converters.DoubleConverterTestCase" time="0.021"/>
  <testcase name="testNumberToStringLocale" classname="org.apache.commons.beanutils.converters.DoubleConverterTestCase" time="0.001"/>
  <testcase name="testInvalidType" classname="org.apache.commons.beanutils.converters.DoubleConverterTestCase" time="0.005"/>
  <testcase name="testDateToNumber" classname="org.apache.commons.beanutils.converters.DoubleConverterTestCase" time="0.091"/>
  <testcase name="testConvertNull" classname="org.apache.commons.beanutils.converters.DoubleConverterTestCase" time="0"/>
  <testcase name="testStringToNumberPattern" classname="org.apache.commons.beanutils.converters.DoubleConverterTestCase" time="0.003"/>
  <testcase name="testBooleanToNumberDefault" classname="org.apache.commons.beanutils.converters.DoubleConverterTestCase" time="0"/>
  <testcase name="testStringToNumberDefaultType" classname="org.apache.commons.beanutils.converters.DoubleConverterTestCase" time="0"/>
  <testcase name="testStringToNumberLocale" classname="org.apache.commons.beanutils.converters.DoubleConverterTestCase" time="0.001"/>
  <testcase name="testInvalidException" classname="org.apache.commons.beanutils.converters.DoubleConverterTestCase" time="0"/>
  <testcase name="testCalendarToNumber" classname="org.apache.commons.beanutils.converters.DoubleConverterTestCase" time="0.004"/>
  <testcase name="testStringToNumberDefault" classname="org.apache.commons.beanutils.converters.DoubleConverterTestCase" time="0"/>
  <testcase name="testInvalidTypeWithDefault" classname="org.apache.commons.beanutils.converters.DoubleConverterTestCase" time="0.001"/>
  <testcase name="testOtherToStringDefault" classname="org.apache.commons.beanutils.converters.DoubleConverterTestCase" time="0"/>
  <testcase name="testNumberToStringDefault" classname="org.apache.commons.beanutils.converters.DoubleConverterTestCase" time="0"/>
  <testcase name="testInvalidDefault" classname="org.apache.commons.beanutils.converters.DoubleConverterTestCase" time="0.001"/>
</testsuite>