<?xml version="1.0" encoding="UTF-8"?>
<testsuite name="org.apache.commons.beanutils.BeanMapTestCase" time="0.468" tests="132" errors="0" skipped="0" failures="0">
  <properties>
    <property name="java.runtime.name" value="Java(TM) SE Runtime Environment"/>
    <property name="sun.boot.library.path" value="C:\Program Files\Java\jdk1.8.0_25\jre\bin"/>
    <property name="java.vm.version" value="25.25-b02"/>
    <property name="java.vm.vendor" value="Oracle Corporation"/>
    <property name="java.vendor.url" value="http://java.oracle.com/"/>
    <property name="path.separator" value=";"/>
    <property name="guice.disable.misplaced.annotation.check" value="true"/>
    <property name="java.vm.name" value="Java HotSpot(TM) 64-Bit Server VM"/>
    <property name="file.encoding.pkg" value="sun.io"/>
    <property name="user.script" value=""/>
    <property name="user.country" value="CA"/>
    <property name="sun.java.launcher" value="SUN_STANDARD"/>
    <property name="sun.os.patch.level" value=""/>
    <property name="java.vm.specification.name" value="Java Virtual Machine Specification"/>
    <property name="user.dir" value="C:\myproject\commons-beanutils-1.9.2-src"/>
    <property name="java.runtime.version" value="1.8.0_25-b18"/>
    <property name="java.awt.graphicsenv" value="sun.awt.Win32GraphicsEnvironment"/>
    <property name="java.endorsed.dirs" value="C:\Program Files\Java\jdk1.8.0_25\jre\lib\endorsed"/>
    <property name="os.arch" value="amd64"/>
    <property name="java.io.tmpdir" value="C:\Users\JOEY~1.SUR\AppData\Local\Temp\"/>
    <property name="line.separator" value="&#10;"/>
    <property name="java.vm.specification.vendor" value="Oracle Corporation"/>
    <property name="user.variant" value=""/>
    <property name="os.name" value="Windows 8.1"/>
    <property name="classworlds.conf" value="C:\MyPrograms\Apache\apache-maven-3.2.5\bin\m2.conf"/>
    <property name="sun.jnu.encoding" value="Cp1252"/>
    <property name="java.library.path" value="C:\Program Files\Java\jdk1.8.0_25\bin;C:\WINDOWS\Sun\Java\bin;C:\WINDOWS\system32;C:\WINDOWS;C:\ProgramData\Oracle\Java\javapath;C:\Program Files\Common Files\Microsoft Shared\Microsoft Online Services;C:\Program Files (x86)\Common Files\Microsoft Shared\Microsoft Online Services;C:\WINDOWS\system32;C:\WINDOWS;C:\WINDOWS\System32\Wbem;C:\WINDOWS\System32\WindowsPowerShell\v1.0\;C:\Program Files (x86)\QuickTime\QTSystem\;C:\Program Files (x86)\Common Files\Acronis\SnapAPI;C:\Program Files\apache-maven-3.2.5\;C:\Program Files\KDiff3\;C:\ProgramData\Oracle\Java\javapath;C:\Program Files\Common Files\Microsoft Shared\Microsoft Online Services;C:\Program Files (x86)\Common Files\Microsoft Shared\Microsoft Online Services;C:\WINDOWS\system32;C:\WINDOWS;C:\WINDOWS\System32\Wbem;C:\WINDOWS\System32\WindowsPowerShell\v1.0\;C:\Program Files (x86)\QuickTime\QTSystem\;C:\Program Files (x86)\Common Files\Acronis\SnapAPI;C:\MyPrograms\Apache\apache-maven-3.2.5\bin;C:\Program Files (x86)\notepad++\;C:\GitFlow\bin\;C:\Users\Joey.SurfacePro-JY\AppData\Local\nexus-2.11.1-01\bin\;C:\MyProgams\cygwin64\bin\;C:\Program Files (x86)\Git\bin;C:\MyPrograms\Jenkins\;."/>
    <property name="java.specification.name" value="Java Platform API Specification"/>
    <property name="java.class.version" value="52.0"/>
    <property name="sun.management.compiler" value="HotSpot 64-Bit Tiered Compilers"/>
    <property name="os.version" value="6.3"/>
    <property name="user.home" value="C:\Users\Joey.SurfacePro-JY"/>
    <property name="user.timezone" value="America/New_York"/>
    <property name="java.awt.printerjob" value="sun.awt.windows.WPrinterJob"/>
    <property name="java.specification.version" value="1.8"/>
    <property name="file.encoding" value="Cp1252"/>
    <property name="user.name" value="Joey"/>
    <property name="java.class.path" value="C:\MyPrograms\Apache\apache-maven-3.2.5\boot\plexus-classworlds-2.5.2.jar"/>
    <property name="java.vm.specification.version" value="1.8"/>
    <property name="sun.arch.data.model" value="64"/>
    <property name="java.home" value="C:\Program Files\Java\jdk1.8.0_25\jre"/>
    <property name="sun.java.command" value="org.codehaus.plexus.classworlds.launcher.Launcher package"/>
    <property name="java.specification.vendor" value="Oracle Corporation"/>
    <property name="user.language" value="en"/>
    <property name="awt.toolkit" value="sun.awt.windows.WToolkit"/>
    <property name="java.vm.info" value="mixed mode"/>
    <property name="java.version" value="1.8.0_25"/>
    <property name="java.ext.dirs" value="C:\Program Files\Java\jdk1.8.0_25\jre\lib\ext;C:\WINDOWS\Sun\Java\lib\ext"/>
    <property name="sun.boot.class.path" value="C:\Program Files\Java\jdk1.8.0_25\jre\lib\resources.jar;C:\Program Files\Java\jdk1.8.0_25\jre\lib\rt.jar;C:\Program Files\Java\jdk1.8.0_25\jre\lib\sunrsasign.jar;C:\Program Files\Java\jdk1.8.0_25\jre\lib\jsse.jar;C:\Program Files\Java\jdk1.8.0_25\jre\lib\jce.jar;C:\Program Files\Java\jdk1.8.0_25\jre\lib\charsets.jar;C:\Program Files\Java\jdk1.8.0_25\jre\lib\jfr.jar;C:\Program Files\Java\jdk1.8.0_25\jre\classes"/>
    <property name="sun.stderr.encoding" value="cp850"/>
    <property name="java.vendor" value="Oracle Corporation"/>
    <property name="maven.home" value="C:\MyPrograms\Apache\apache-maven-3.2.5"/>
    <property name="file.separator" value="\"/>
    <property name="java.vendor.url.bug" value="http://bugreport.sun.com/bugreport/"/>
    <property name="sun.cpu.endian" value="little"/>
    <property name="sun.io.unicode.encoding" value="UnicodeLittle"/>
    <property name="sun.stdout.encoding" value="cp850"/>
    <property name="sun.desktop" value="windows"/>
    <property name="sun.cpu.isalist" value="amd64"/>
  </properties>
  <testcase name="testGetTypeTransformerMethod" classname="org.apache.commons.beanutils.BeanMapTestCase" time="0.031"/>
  <testcase name="testBeanMapPutAllWriteable" classname="org.apache.commons.beanutils.BeanMapTestCase" time="0.025"/>
  <testcase name="testMethodAccessor" classname="org.apache.commons.beanutils.BeanMapTestCase" time="0"/>
  <testcase name="testMethodMutator" classname="org.apache.commons.beanutils.BeanMapTestCase" time="0"/>
  <testcase name="testMapPut" classname="org.apache.commons.beanutils.BeanMapTestCase" time="0.001"/>
  <testcase name="testMapClear" classname="org.apache.commons.beanutils.BeanMapTestCase" time="0"/>
  <testcase name="testBeanMapClone" classname="org.apache.commons.beanutils.BeanMapTestCase" time="0.002"/>
  <testcase name="testDefaultTransformersMap" classname="org.apache.commons.beanutils.BeanMapTestCase" time="0.001"/>
  <testcase name="testExceptionThrowFromClone" classname="org.apache.commons.beanutils.BeanMapTestCase" time="0.262"/>
  <testcase name="testGetDefaultTransformersMap" classname="org.apache.commons.beanutils.BeanMapTestCase" time="0"/>
  <testcase name="testExceptionThrowFromPut" classname="org.apache.commons.beanutils.BeanMapTestCase" time="0.008"/>
  <testcase name="testExceptionThrowFromClear" classname="org.apache.commons.beanutils.BeanMapTestCase" time="0.003"/>
  <testcase name="testSampleMappings" classname="org.apache.commons.beanutils.BeanMapTestCase" time="0"/>
  <testcase name="testMapContainsKey" classname="org.apache.commons.beanutils.BeanMapTestCase" time="0.024"/>
  <testcase name="testMapContainsValue" classname="org.apache.commons.beanutils.BeanMapTestCase" time="0.004"/>
  <testcase name="testFullMapCompatibility" classname="org.apache.commons.beanutils.BeanMapTestCase" time="0"/>
  <testcase name="testMapPutNullValue" classname="org.apache.commons.beanutils.BeanMapTestCase" time="0"/>
  <testcase name="testKeySetClearChangesMap" classname="org.apache.commons.beanutils.BeanMapTestCase" time="0"/>
  <testcase name="testEntrySetClearChangesMap" classname="org.apache.commons.beanutils.BeanMapTestCase" time="0.002"/>
  <testcase name="testEntrySetContains1" classname="org.apache.commons.beanutils.BeanMapTestCase" time="0"/>
  <testcase name="testEmptyMapCompatibility" classname="org.apache.commons.beanutils.BeanMapTestCase" time="0"/>
  <testcase name="testEntrySetContains3" classname="org.apache.commons.beanutils.BeanMapTestCase" time="0"/>
  <testcase name="testEntrySetRemove2" classname="org.apache.commons.beanutils.BeanMapTestCase" time="0"/>
  <testcase name="testValuesClearChangesMap" classname="org.apache.commons.beanutils.BeanMapTestCase" time="0"/>
  <testcase name="testEntrySetContains2" classname="org.apache.commons.beanutils.BeanMapTestCase" time="0"/>
  <testcase name="testEntrySetRemove1" classname="org.apache.commons.beanutils.BeanMapTestCase" time="0"/>
  <testcase name="testEntrySetRemove3" classname="org.apache.commons.beanutils.BeanMapTestCase" time="0"/>
  <testcase name="testValuesRemoveChangesMap" classname="org.apache.commons.beanutils.BeanMapTestCase" time="0"/>
  <testcase name="testMapPutNullKey" classname="org.apache.commons.beanutils.BeanMapTestCase" time="0"/>
  <testcase name="testKeySetRemoveChangesMap" classname="org.apache.commons.beanutils.BeanMapTestCase" time="0"/>
  <testcase name="testMapEntrySetIteratorEntry" classname="org.apache.commons.collections.map.AbstractTestMap$TestMapEntrySet" time="0.001"/>
  <testcase name="testMapEntrySetRemoveNonMapEntry" classname="org.apache.commons.collections.map.AbstractTestMap$TestMapEntrySet" time="0"/>
  <testcase name="testMapEntrySetIteratorEntrySetValue" classname="org.apache.commons.collections.map.AbstractTestMap$TestMapEntrySet" time="0.009"/>
  <testcase name="testSetHashCode" classname="org.apache.commons.collections.map.AbstractTestMap$TestMapEntrySet" time="0.001"/>
  <testcase name="testSetEquals" classname="org.apache.commons.collections.map.AbstractTestMap$TestMapEntrySet" time="0.004"/>
  <testcase name="testUnsupportedAdd" classname="org.apache.commons.collections.map.AbstractTestMap$TestMapEntrySet" time="0.008"/>
  <testcase name="testCollectionAdd" classname="org.apache.commons.collections.map.AbstractTestMap$TestMapEntrySet" time="0"/>
  <testcase name="testCollectionAddAll" classname="org.apache.commons.collections.map.AbstractTestMap$TestMapEntrySet" time="0"/>
  <testcase name="testCollectionClear" classname="org.apache.commons.collections.map.AbstractTestMap$TestMapEntrySet" time="0.001"/>
  <testcase name="testCollectionContainsAll" classname="org.apache.commons.collections.map.AbstractTestMap$TestMapEntrySet" time="0.012"/>
  <testcase name="testCollectionIsEmpty" classname="org.apache.commons.collections.map.AbstractTestMap$TestMapEntrySet" time="0"/>
  <testcase name="testCollectionIterator" classname="org.apache.commons.collections.map.AbstractTestMap$TestMapEntrySet" time="0.003"/>
  <testcase name="testCollectionContains" classname="org.apache.commons.collections.map.AbstractTestMap$TestMapEntrySet" time="0.003"/>
  <testcase name="testSerializeDeserializeThenCompare" classname="org.apache.commons.collections.map.AbstractTestMap$TestMapEntrySet" time="0.001"/>
  <testcase name="testCollectionIteratorRemove" classname="org.apache.commons.collections.map.AbstractTestMap$TestMapEntrySet" time="0"/>
  <testcase name="testCollectionIteratorFailFast" classname="org.apache.commons.collections.map.AbstractTestMap$TestMapEntrySet" time="0"/>
  <testcase name="testCollectionToArray" classname="org.apache.commons.collections.map.AbstractTestMap$TestMapEntrySet" time="0.001"/>
  <testcase name="testCollectionRetainAll" classname="org.apache.commons.collections.map.AbstractTestMap$TestMapEntrySet" time="0"/>
  <testcase name="testCollectionToString" classname="org.apache.commons.collections.map.AbstractTestMap$TestMapEntrySet" time="0"/>
  <testcase name="testCollectionSize" classname="org.apache.commons.collections.map.AbstractTestMap$TestMapEntrySet" time="0.001"/>
  <testcase name="testUnsupportedRemove" classname="org.apache.commons.collections.map.AbstractTestMap$TestMapEntrySet" time="0.002"/>
  <testcase name="testCollectionToArray2" classname="org.apache.commons.collections.map.AbstractTestMap$TestMapEntrySet" time="0.004"/>
  <testcase name="testCollectionRemoveAll" classname="org.apache.commons.collections.map.AbstractTestMap$TestMapEntrySet" time="0"/>
  <testcase name="testCollectionRemove" classname="org.apache.commons.collections.map.AbstractTestMap$TestMapEntrySet" time="0"/>
  <testcase name="testEqualsNull" classname="org.apache.commons.collections.map.AbstractTestMap$TestMapEntrySet" time="0"/>
  <testcase name="testCanonicalFullCollectionExists" classname="org.apache.commons.collections.map.AbstractTestMap$TestMapEntrySet" time="0"/>
  <testcase name="testObjectHashCodeEqualsSelfHashCode" classname="org.apache.commons.collections.map.AbstractTestMap$TestMapEntrySet" time="0"/>
  <testcase name="testCanonicalEmptyCollectionExists" classname="org.apache.commons.collections.map.AbstractTestMap$TestMapEntrySet" time="0"/>
  <testcase name="testObjectHashCodeEqualsContract" classname="org.apache.commons.collections.map.AbstractTestMap$TestMapEntrySet" time="0"/>
  <testcase name="testSimpleSerialization" classname="org.apache.commons.collections.map.AbstractTestMap$TestMapEntrySet" time="0.016"/>
  <testcase name="testObjectEqualsSelf" classname="org.apache.commons.collections.map.AbstractTestMap$TestMapEntrySet" time="0"/>
  <testcase name="testSetHashCode" classname="org.apache.commons.collections.map.AbstractTestMap$TestMapKeySet" time="0"/>
  <testcase name="testSetEquals" classname="org.apache.commons.collections.map.AbstractTestMap$TestMapKeySet" time="0"/>
  <testcase name="testUnsupportedAdd" classname="org.apache.commons.collections.map.AbstractTestMap$TestMapKeySet" time="0"/>
  <testcase name="testCollectionAdd" classname="org.apache.commons.collections.map.AbstractTestMap$TestMapKeySet" time="0"/>
  <testcase name="testCollectionAddAll" classname="org.apache.commons.collections.map.AbstractTestMap$TestMapKeySet" time="0"/>
  <testcase name="testCollectionClear" classname="org.apache.commons.collections.map.AbstractTestMap$TestMapKeySet" time="0"/>
  <testcase name="testCollectionContainsAll" classname="org.apache.commons.collections.map.AbstractTestMap$TestMapKeySet" time="0.001"/>
  <testcase name="testCollectionIsEmpty" classname="org.apache.commons.collections.map.AbstractTestMap$TestMapKeySet" time="0.003"/>
  <testcase name="testCollectionIterator" classname="org.apache.commons.collections.map.AbstractTestMap$TestMapKeySet" time="0.001"/>
  <testcase name="testCollectionContains" classname="org.apache.commons.collections.map.AbstractTestMap$TestMapKeySet" time="0.002"/>
  <testcase name="testSerializeDeserializeThenCompare" classname="org.apache.commons.collections.map.AbstractTestMap$TestMapKeySet" time="0"/>
  <testcase name="testCollectionIteratorRemove" classname="org.apache.commons.collections.map.AbstractTestMap$TestMapKeySet" time="0"/>
  <testcase name="testCollectionIteratorFailFast" classname="org.apache.commons.collections.map.AbstractTestMap$TestMapKeySet" time="0"/>
  <testcase name="testCollectionToArray" classname="org.apache.commons.collections.map.AbstractTestMap$TestMapKeySet" time="0"/>
  <testcase name="testCollectionRetainAll" classname="org.apache.commons.collections.map.AbstractTestMap$TestMapKeySet" time="0"/>
  <testcase name="testCollectionToString" classname="org.apache.commons.collections.map.AbstractTestMap$TestMapKeySet" time="0"/>
  <testcase name="testCollectionSize" classname="org.apache.commons.collections.map.AbstractTestMap$TestMapKeySet" time="0"/>
  <testcase name="testUnsupportedRemove" classname="org.apache.commons.collections.map.AbstractTestMap$TestMapKeySet" time="0"/>
  <testcase name="testCollectionToArray2" classname="org.apache.commons.collections.map.AbstractTestMap$TestMapKeySet" time="0.004"/>
  <testcase name="testCollectionRemoveAll" classname="org.apache.commons.collections.map.AbstractTestMap$TestMapKeySet" time="0"/>
  <testcase name="testCollectionRemove" classname="org.apache.commons.collections.map.AbstractTestMap$TestMapKeySet" time="0"/>
  <testcase name="testEqualsNull" classname="org.apache.commons.collections.map.AbstractTestMap$TestMapKeySet" time="0"/>
  <testcase name="testCanonicalFullCollectionExists" classname="org.apache.commons.collections.map.AbstractTestMap$TestMapKeySet" time="0"/>
  <testcase name="testObjectHashCodeEqualsSelfHashCode" classname="org.apache.commons.collections.map.AbstractTestMap$TestMapKeySet" time="0"/>
  <testcase name="testCanonicalEmptyCollectionExists" classname="org.apache.commons.collections.map.AbstractTestMap$TestMapKeySet" time="0"/>
  <testcase name="testObjectHashCodeEqualsContract" classname="org.apache.commons.collections.map.AbstractTestMap$TestMapKeySet" time="0"/>
  <testcase name="testSimpleSerialization" classname="org.apache.commons.collections.map.AbstractTestMap$TestMapKeySet" time="0"/>
  <testcase name="testObjectEqualsSelf" classname="org.apache.commons.collections.map.AbstractTestMap$TestMapKeySet" time="0"/>
  <testcase name="testUnsupportedAdd" classname="org.apache.commons.collections.map.AbstractTestMap$TestMapValues" time="0.002"/>
  <testcase name="testCollectionAdd" classname="org.apache.commons.collections.map.AbstractTestMap$TestMapValues" time="0"/>
  <testcase name="testCollectionAddAll" classname="org.apache.commons.collections.map.AbstractTestMap$TestMapValues" time="0"/>
  <testcase name="testCollectionClear" classname="org.apache.commons.collections.map.AbstractTestMap$TestMapValues" time="0"/>
  <testcase name="testCollectionContainsAll" classname="org.apache.commons.collections.map.AbstractTestMap$TestMapValues" time="0.005"/>
  <testcase name="testCollectionIsEmpty" classname="org.apache.commons.collections.map.AbstractTestMap$TestMapValues" time="0"/>
  <testcase name="testCollectionIterator" classname="org.apache.commons.collections.map.AbstractTestMap$TestMapValues" time="0.001"/>
  <testcase name="testCollectionContains" classname="org.apache.commons.collections.map.AbstractTestMap$TestMapValues" time="0"/>
  <testcase name="testSerializeDeserializeThenCompare" classname="org.apache.commons.collections.map.AbstractTestMap$TestMapValues" time="0.002"/>
  <testcase name="testCollectionIteratorRemove" classname="org.apache.commons.collections.map.AbstractTestMap$TestMapValues" time="0"/>
  <testcase name="testCollectionIteratorFailFast" classname="org.apache.commons.collections.map.AbstractTestMap$TestMapValues" time="0"/>
  <testcase name="testCollectionToArray" classname="org.apache.commons.collections.map.AbstractTestMap$TestMapValues" time="0"/>
  <testcase name="testCollectionRetainAll" classname="org.apache.commons.collections.map.AbstractTestMap$TestMapValues" time="0"/>
  <testcase name="testCollectionToString" classname="org.apache.commons.collections.map.AbstractTestMap$TestMapValues" time="0"/>
  <testcase name="testCollectionSize" classname="org.apache.commons.collections.map.AbstractTestMap$TestMapValues" time="0"/>
  <testcase name="testUnsupportedRemove" classname="org.apache.commons.collections.map.AbstractTestMap$TestMapValues" time="0.001"/>
  <testcase name="testCollectionToArray2" classname="org.apache.commons.collections.map.AbstractTestMap$TestMapValues" time="0.002"/>
  <testcase name="testCollectionRemoveAll" classname="org.apache.commons.collections.map.AbstractTestMap$TestMapValues" time="0"/>
  <testcase name="testCollectionRemove" classname="org.apache.commons.collections.map.AbstractTestMap$TestMapValues" time="0"/>
  <testcase name="testEqualsNull" classname="org.apache.commons.collections.map.AbstractTestMap$TestMapValues" time="0"/>
  <testcase name="testCanonicalFullCollectionExists" classname="org.apache.commons.collections.map.AbstractTestMap$TestMapValues" time="0"/>
  <testcase name="testObjectHashCodeEqualsSelfHashCode" classname="org.apache.commons.collections.map.AbstractTestMap$TestMapValues" time="0"/>
  <testcase name="testCanonicalEmptyCollectionExists" classname="org.apache.commons.collections.map.AbstractTestMap$TestMapValues" time="0"/>
  <testcase name="testObjectHashCodeEqualsContract" classname="org.apache.commons.collections.map.AbstractTestMap$TestMapValues" time="0.001"/>
  <testcase name="testSimpleSerialization" classname="org.apache.commons.collections.map.AbstractTestMap$TestMapValues" time="0"/>
  <testcase name="testObjectEqualsSelf" classname="org.apache.commons.collections.map.AbstractTestMap$TestMapValues" time="0"/>
  <testcase name="testMapGet" classname="org.apache.commons.beanutils.BeanMapTestCase" time="0.001"/>
  <testcase name="testMapHashCode" classname="org.apache.commons.beanutils.BeanMapTestCase" time="0"/>
  <testcase name="testMapRemove" classname="org.apache.commons.beanutils.BeanMapTestCase" time="0"/>
  <testcase name="testMapEquals" classname="org.apache.commons.beanutils.BeanMapTestCase" time="0.005"/>
  <testcase name="testMapPutAll" classname="org.apache.commons.beanutils.BeanMapTestCase" time="0"/>
  <testcase name="testMapIsEmpty" classname="org.apache.commons.beanutils.BeanMapTestCase" time="0"/>
  <testcase name="testMakeMap" classname="org.apache.commons.beanutils.BeanMapTestCase" time="0"/>
  <testcase name="testMapSize" classname="org.apache.commons.beanutils.BeanMapTestCase" time="0"/>
  <testcase name="testMapToString" classname="org.apache.commons.beanutils.BeanMapTestCase" time="0.002"/>
  <testcase name="testEqualsNull" classname="org.apache.commons.beanutils.BeanMapTestCase" time="0"/>
  <testcase name="testCanonicalFullCollectionExists" classname="org.apache.commons.beanutils.BeanMapTestCase" time="0"/>
  <testcase name="testSerializeDeserializeThenCompare" classname="org.apache.commons.beanutils.BeanMapTestCase" time="0"/>
  <testcase name="testObjectHashCodeEqualsSelfHashCode" classname="org.apache.commons.beanutils.BeanMapTestCase" time="0"/>
  <testcase name="testCanonicalEmptyCollectionExists" classname="org.apache.commons.beanutils.BeanMapTestCase" time="0.005"/>
  <testcase name="testObjectHashCodeEqualsContract" classname="org.apache.commons.beanutils.BeanMapTestCase" time="0"/>
  <testcase name="testSimpleSerialization" classname="org.apache.commons.beanutils.BeanMapTestCase" time="0"/>
  <testcase name="testObjectEqualsSelf" classname="org.apache.commons.beanutils.BeanMapTestCase" time="0"/>
</testsuite>